<?xml version="1.0" encoding="UTF-8"?>
<robot generator="Robot 7.2 (Python 3.12.6 on win32)" generated="2025-01-16T21:25:38.583785" rpa="false" schemaversion="5">
<suite id="s1" name="Login Steps" source="C:\Users\celio\OneDrive\Development\study\guardiao_da_qualidade\robot\test\login_steps.robot">
<kw name="Open Browser" owner="SeleniumLibrary" type="SETUP">
<msg time="2025-01-16T21:25:40.082480" level="INFO">Opening browser 'chrome' to base url 'None'.</msg>
<arg>browser=chrome</arg>
<doc>Opens a new browser instance to the optional ``url``.</doc>
<status status="PASS" start="2025-01-16T21:25:40.081288" elapsed="4.071456"/>
</kw>
<test id="s1-t1" name="Unsuccessful Login - No credentials" line="10">
<kw name="I navigate to the login page" owner="login_keywords">
<kw name="Go To" owner="SeleniumLibrary">
<msg time="2025-01-16T21:25:44.155747" level="INFO">Opening url 'https://www.saucedemo.com/'</msg>
<arg>${URL}</arg>
<doc>Navigates the current browser window to the provided ``url``.</doc>
<status status="PASS" start="2025-01-16T21:25:44.155747" elapsed="0.832785"/>
</kw>
<arg>${URL}</arg>
<status status="PASS" start="2025-01-16T21:25:44.154747" elapsed="0.833785"/>
</kw>
<kw name="I input no credentials" owner="login_keywords">
<kw name="Wait Until Element Is Visible" owner="SeleniumLibrary">
<arg>id=user-name</arg>
<doc>Waits until the element ``locator`` is visible.</doc>
<status status="PASS" start="2025-01-16T21:25:44.990533" elapsed="0.159146"/>
</kw>
<status status="PASS" start="2025-01-16T21:25:44.989533" elapsed="0.160146"/>
</kw>
<kw name="I click on the login button" owner="login_keywords">
<kw name="Click Button" owner="SeleniumLibrary">
<msg time="2025-01-16T21:25:45.151680" level="INFO">Clicking button 'id=login-button'.</msg>
<arg>id=login-button</arg>
<doc>Clicks the button identified by ``locator``.</doc>
<status status="PASS" start="2025-01-16T21:25:45.150680" elapsed="0.253399"/>
</kw>
<status status="PASS" start="2025-01-16T21:25:45.150680" elapsed="0.253399"/>
</kw>
<kw name="I am able to see the expected error message for no credentials" owner="login_keywords">
<kw name="Wait Until Element Contains" owner="SeleniumLibrary">
<arg>class=error-message-container</arg>
<arg>${ERROR_MESSAGES["no_credentials"]}</arg>
<doc>Waits until the element ``locator`` contains ``text``.</doc>
<status status="PASS" start="2025-01-16T21:25:45.405081" elapsed="0.162945"/>
</kw>
<status status="PASS" start="2025-01-16T21:25:45.405081" elapsed="0.163947"/>
</kw>
<status status="PASS" start="2025-01-16T21:25:44.152744" elapsed="1.416284"/>
</test>
<test id="s1-t2" name="Unsuccessful Login - No username" line="16">
<kw name="I navigate to the login page" owner="login_keywords">
<kw name="Go To" owner="SeleniumLibrary">
<msg time="2025-01-16T21:25:45.572026" level="INFO">Opening url 'https://www.saucedemo.com/'</msg>
<arg>${URL}</arg>
<doc>Navigates the current browser window to the provided ``url``.</doc>
<status status="PASS" start="2025-01-16T21:25:45.572026" elapsed="0.138699"/>
</kw>
<arg>${URL}</arg>
<status status="PASS" start="2025-01-16T21:25:45.571026" elapsed="0.139699"/>
</kw>
<kw name="I input only the password" owner="login_keywords">
<kw name="Wait Until Element Is Visible" owner="SeleniumLibrary">
<arg>id=user-name</arg>
<doc>Waits until the element ``locator`` is visible.</doc>
<status status="PASS" start="2025-01-16T21:25:45.711726" elapsed="0.042924"/>
</kw>
<kw name="Input Text" owner="SeleniumLibrary">
<msg time="2025-01-16T21:25:45.756729" level="INFO">Typing text 'secret_sauce' into text field 'id=password'.</msg>
<arg>id=password</arg>
<arg>${LOGIN_DATA["correct_data"]["password"]}</arg>
<doc>Types the given ``text`` into the text field identified by ``locator``.</doc>
<status status="PASS" start="2025-01-16T21:25:45.755730" elapsed="0.276588"/>
</kw>
<status status="PASS" start="2025-01-16T21:25:45.711726" elapsed="0.320592"/>
</kw>
<kw name="I click on the login button" owner="login_keywords">
<kw name="Click Button" owner="SeleniumLibrary">
<msg time="2025-01-16T21:25:46.033402" level="INFO">Clicking button 'id=login-button'.</msg>
<arg>id=login-button</arg>
<doc>Clicks the button identified by ``locator``.</doc>
<status status="PASS" start="2025-01-16T21:25:46.033402" elapsed="0.153825"/>
</kw>
<status status="PASS" start="2025-01-16T21:25:46.033402" elapsed="0.153825"/>
</kw>
<kw name="I am able to see the expected error message for no username" owner="login_keywords">
<kw name="Wait Until Element Contains" owner="SeleniumLibrary">
<arg>class=error-message-container</arg>
<arg>${ERROR_MESSAGES["no_username"]}</arg>
<doc>Waits until the element ``locator`` contains ``text``.</doc>
<status status="PASS" start="2025-01-16T21:25:46.188226" elapsed="0.049387"/>
</kw>
<status status="PASS" start="2025-01-16T21:25:46.188226" elapsed="0.049387"/>
</kw>
<status status="PASS" start="2025-01-16T21:25:45.570026" elapsed="0.667587"/>
</test>
<test id="s1-t3" name="Unsuccessful Login - No password" line="23">
<kw name="I navigate to the login page" owner="login_keywords">
<kw name="Go To" owner="SeleniumLibrary">
<msg time="2025-01-16T21:25:46.241282" level="INFO">Opening url 'https://www.saucedemo.com/'</msg>
<arg>${URL}</arg>
<doc>Navigates the current browser window to the provided ``url``.</doc>
<status status="PASS" start="2025-01-16T21:25:46.240270" elapsed="0.133189"/>
</kw>
<arg>${URL}</arg>
<status status="PASS" start="2025-01-16T21:25:46.240270" elapsed="0.133189"/>
</kw>
<kw name="I input only the username" owner="login_keywords">
<kw name="Wait Until Element Is Visible" owner="SeleniumLibrary">
<arg>id=user-name</arg>
<doc>Waits until the element ``locator`` is visible.</doc>
<status status="PASS" start="2025-01-16T21:25:46.375459" elapsed="0.056961"/>
</kw>
<kw name="Input Text" owner="SeleniumLibrary">
<msg time="2025-01-16T21:25:46.434419" level="INFO">Typing text 'standard_user' into text field 'id=user-name'.</msg>
<arg>id=user-name</arg>
<arg>${LOGIN_DATA["correct_data"]["username"]}</arg>
<doc>Types the given ``text`` into the text field identified by ``locator``.</doc>
<status status="PASS" start="2025-01-16T21:25:46.433420" elapsed="0.250850"/>
</kw>
<status status="PASS" start="2025-01-16T21:25:46.374460" elapsed="0.309810"/>
</kw>
<kw name="I click on the login button" owner="login_keywords">
<kw name="Click Button" owner="SeleniumLibrary">
<msg time="2025-01-16T21:25:46.686271" level="INFO">Clicking button 'id=login-button'.</msg>
<arg>id=login-button</arg>
<doc>Clicks the button identified by ``locator``.</doc>
<status status="PASS" start="2025-01-16T21:25:46.686271" elapsed="0.186745"/>
</kw>
<status status="PASS" start="2025-01-16T21:25:46.685272" elapsed="0.187744"/>
</kw>
<kw name="I am able to see the expected error message for no password" owner="login_keywords">
<kw name="Wait Until Element Contains" owner="SeleniumLibrary">
<arg>class=error-message-container</arg>
<arg>${ERROR_MESSAGES["no_password"]}</arg>
<doc>Waits until the element ``locator`` contains ``text``.</doc>
<status status="PASS" start="2025-01-16T21:25:46.875016" elapsed="0.045733"/>
</kw>
<status status="PASS" start="2025-01-16T21:25:46.874015" elapsed="0.047809"/>
</kw>
<status status="PASS" start="2025-01-16T21:25:46.238967" elapsed="0.682857"/>
</test>
<test id="s1-t4" name="Unsuccessful Login - Wrong credentials" line="30">
<kw name="I navigate to the login page" owner="login_keywords">
<kw name="Go To" owner="SeleniumLibrary">
<msg time="2025-01-16T21:25:46.924358" level="INFO">Opening url 'https://www.saucedemo.com/'</msg>
<arg>${URL}</arg>
<doc>Navigates the current browser window to the provided ``url``.</doc>
<status status="PASS" start="2025-01-16T21:25:46.924358" elapsed="0.071369"/>
</kw>
<arg>${URL}</arg>
<status status="PASS" start="2025-01-16T21:25:46.924358" elapsed="0.071369"/>
</kw>
<kw name="I input wrong credentials" owner="login_keywords">
<kw name="Wait Until Element Is Visible" owner="SeleniumLibrary">
<arg>id=user-name</arg>
<doc>Waits until the element ``locator`` is visible.</doc>
<status status="PASS" start="2025-01-16T21:25:46.997159" elapsed="0.041873"/>
</kw>
<kw name="Input Text" owner="SeleniumLibrary">
<msg time="2025-01-16T21:25:47.041032" level="INFO">Typing text 'test_user' into text field 'id=user-name'.</msg>
<arg>id=user-name</arg>
<arg>${LOGIN_DATA["wrong_data"]["username"]}</arg>
<doc>Types the given ``text`` into the text field identified by ``locator``.</doc>
<status status="PASS" start="2025-01-16T21:25:47.040031" elapsed="0.185143"/>
</kw>
<kw name="Input Text" owner="SeleniumLibrary">
<msg time="2025-01-16T21:25:47.226536" level="INFO">Typing text 'secret_test' into text field 'id=password'.</msg>
<arg>id=password</arg>
<arg>${LOGIN_DATA["wrong_data"]["password"]}</arg>
<doc>Types the given ``text`` into the text field identified by ``locator``.</doc>
<status status="PASS" start="2025-01-16T21:25:47.226536" elapsed="0.193106"/>
</kw>
<status status="PASS" start="2025-01-16T21:25:46.995727" elapsed="0.423915"/>
</kw>
<kw name="I click on the login button" owner="login_keywords">
<kw name="Click Button" owner="SeleniumLibrary">
<msg time="2025-01-16T21:25:47.420837" level="INFO">Clicking button 'id=login-button'.</msg>
<arg>id=login-button</arg>
<doc>Clicks the button identified by ``locator``.</doc>
<status status="PASS" start="2025-01-16T21:25:47.420837" elapsed="0.152330"/>
</kw>
<status status="PASS" start="2025-01-16T21:25:47.419642" elapsed="0.153525"/>
</kw>
<kw name="I am able to see the expected error message for wrong credentials" owner="login_keywords">
<kw name="Wait Until Element Contains" owner="SeleniumLibrary">
<arg>class=error-message-container</arg>
<arg>${ERROR_MESSAGES["wrong_credentials"]}</arg>
<doc>Waits until the element ``locator`` contains ``text``.</doc>
<status status="PASS" start="2025-01-16T21:25:47.575169" elapsed="0.046029"/>
</kw>
<status status="PASS" start="2025-01-16T21:25:47.574168" elapsed="0.047030"/>
</kw>
<status status="PASS" start="2025-01-16T21:25:46.923046" elapsed="0.698152"/>
</test>
<test id="s1-t5" name="Successfull Login" line="37">
<kw name="I navigate to the login page" owner="login_keywords">
<kw name="Go To" owner="SeleniumLibrary">
<msg time="2025-01-16T21:25:47.623396" level="INFO">Opening url 'https://www.saucedemo.com/'</msg>
<arg>${URL}</arg>
<doc>Navigates the current browser window to the provided ``url``.</doc>
<status status="PASS" start="2025-01-16T21:25:47.623396" elapsed="0.066195"/>
</kw>
<arg>${URL}</arg>
<status status="PASS" start="2025-01-16T21:25:47.622342" elapsed="0.067249"/>
</kw>
<kw name="I input correct credentials" owner="login_keywords">
<kw name="Wait Until Element Is Visible" owner="SeleniumLibrary">
<arg>id=user-name</arg>
<doc>Waits until the element ``locator`` is visible.</doc>
<status status="PASS" start="2025-01-16T21:25:47.690832" elapsed="0.041650"/>
</kw>
<kw name="Input Text" owner="SeleniumLibrary">
<msg time="2025-01-16T21:25:47.733919" level="INFO">Typing text 'standard_user' into text field 'id=user-name'.</msg>
<arg>id=user-name</arg>
<arg>${LOGIN_DATA["correct_data"]["username"]}</arg>
<doc>Types the given ``text`` into the text field identified by ``locator``.</doc>
<status status="PASS" start="2025-01-16T21:25:47.733919" elapsed="0.221390"/>
</kw>
<kw name="Input Text" owner="SeleniumLibrary">
<msg time="2025-01-16T21:25:47.956427" level="INFO">Typing text 'secret_sauce' into text field 'id=password'.</msg>
<arg>id=password</arg>
<arg>${LOGIN_DATA["correct_data"]["password"]}</arg>
<doc>Types the given ``text`` into the text field identified by ``locator``.</doc>
<status status="PASS" start="2025-01-16T21:25:47.955309" elapsed="0.239314"/>
</kw>
<status status="PASS" start="2025-01-16T21:25:47.690832" elapsed="0.503791"/>
</kw>
<kw name="I click on the login button" owner="login_keywords">
<kw name="Click Button" owner="SeleniumLibrary">
<msg time="2025-01-16T21:25:48.195627" level="INFO">Clicking button 'id=login-button'.</msg>
<arg>id=login-button</arg>
<doc>Clicks the button identified by ``locator``.</doc>
<status status="PASS" start="2025-01-16T21:25:48.195627" elapsed="0.196845"/>
</kw>
<status status="PASS" start="2025-01-16T21:25:48.195627" elapsed="0.196845"/>
</kw>
<kw name="I am able to view the home page" owner="login_keywords">
<kw name="Get Location" owner="SeleniumLibrary">
<msg time="2025-01-16T21:25:48.428457" level="INFO">${location} = https://www.saucedemo.com/inventory.html</msg>
<var>${location}</var>
<doc>Returns the current browser window URL.</doc>
<status status="PASS" start="2025-01-16T21:25:48.393470" elapsed="0.034987"/>
</kw>
<kw name="Should Be Equal" owner="BuiltIn">
<arg>${location}</arg>
<arg>https://www.saucedemo.com/inventory.html</arg>
<doc>Fails if the given objects are unequal.</doc>
<status status="PASS" start="2025-01-16T21:25:48.429457" elapsed="0.000000"/>
</kw>
<status status="PASS" start="2025-01-16T21:25:48.393470" elapsed="0.035987"/>
</kw>
<status status="PASS" start="2025-01-16T21:25:47.622342" elapsed="0.807115"/>
</test>
<status status="PASS" start="2025-01-16T21:25:38.587784" elapsed="9.844039"/>
</suite>
<statistics>
<total>
<stat pass="5" fail="0" skip="0">All Tests</stat>
</total>
<tag>
</tag>
<suite>
<stat name="Login Steps" id="s1" pass="5" fail="0" skip="0">Login Steps</stat>
</suite>
</statistics>
<errors>
</errors>
</robot>
